<!DOCTYPE html PUBLIC "-//W3C//DTD XHTML 1.1//EN" "https://www.w3.org/TR/xhtml11/DTD/xhtml11.dtd">
<html xmlns="https://www.w3.org/1999/xhtml">
<head>
<meta http-equiv="content-type" content="text/html; charset=UTF-8"/>
<title>TestNG Report</title>
<style type="text/css">table {margin-bottom:10px;border-collapse:collapse;empty-cells:show}th,td {border:1px solid #009;padding:.25em .5em}th {vertical-align:bottom}td {vertical-align:top}table a {font-weight:bold}.stripe td {background-color: #E6EBF9}.num {text-align:right}.passedodd td {background-color: #3F3}.passedeven td {background-color: #0A0}.skippedodd td {background-color: #DDD}.skippedeven td {background-color: #CCC}.failedodd td,.attn {background-color: #F33}.failedeven td,.stripe .attn {background-color: #D00}.stacktrace {white-space:pre;font-family:monospace}.totop {font-size:85%;text-align:center;border-bottom:2px solid #000}.invisible {display:none}</style>
</head>
<body>
<table>
<tr><th>Test</th><th># Passed</th><th># Skipped</th><th># Retried</th><th># Failed</th><th>Time (ms)</th><th>Included Groups</th><th>Excluded Groups</th></tr>
<tr><th colspan="8">Suite</th></tr>
<tr><td><a href="#t0">Test</a></td><td class="num">0</td><td class="num attn">6</td><td class="num">0</td><td class="num attn">1</td><td class="num">152,035</td><td></td><td></td></tr>
</table>
<table id='summary'><thead><tr><th>Class</th><th>Method</th><th>Start</th><th>Time (ms)</th></tr></thead><tbody><tr><th colspan="4">Suite</th></tr></tbody><tbody id="t0"><tr><th colspan="4">Test &#8212; failed (configuration methods)</th></tr><tr class="failedeven"><td rowspan="1">com.examarlyLogin.HomePageLoginWeb</td><td><a href="#m0">setUp</a></td><td rowspan="1">1666443604847</td><td rowspan="1">0</td></tr><tr class="failedodd"><td rowspan="1">com.examarlyRewardsModule.RewardsWeb</td><td><a href="#m1">setUp</a></td><td rowspan="1">1666443604845</td><td rowspan="1">1</td></tr><tr><th colspan="4">Test &#8212; failed</th></tr><tr class="failedeven"><td rowspan="1">com.examarly.HomePageWeb</td><td><a href="#m2">Landingpage</a></td><td rowspan="1">1666443456812</td><td rowspan="1">147843</td></tr><tr><th colspan="4">Test &#8212; skipped (configuration methods)</th></tr><tr class="skippedeven"><td rowspan="1">com.examarlyLogin.HomePageLoginWeb</td><td><a href="#m3">setUp</a></td><td rowspan="1">1666443604847</td><td rowspan="1">0</td></tr><tr><th colspan="4">Test &#8212; skipped</th></tr><tr class="skippedeven"><td rowspan="4">com.examarly.HomePageWeb</td><td><a href="#m4">About</a></td><td rowspan="1">1666443604674</td><td rowspan="1">1</td></tr><tr class="skippedeven"><td><a href="#m5">BLOG</a></td><td rowspan="1">1666443604676</td><td rowspan="1">0</td></tr><tr class="skippedeven"><td><a href="#m6">Contact</a></td><td rowspan="1">1666443604675</td><td rowspan="1">0</td></tr><tr class="skippedeven"><td><a href="#m7">FAQ</a></td><td rowspan="1">1666443604675</td><td rowspan="1">1</td></tr><tr class="skippedodd"><td rowspan="1">com.examarlyLogin.HomePageLoginWeb</td><td><a href="#m8">LoginPage</a></td><td rowspan="1">1666443604848</td><td rowspan="1">0</td></tr><tr class="skippedeven"><td rowspan="1">com.examarlyRewardsModule.RewardsWeb</td><td><a href="#m9">LoginPage</a></td><td rowspan="1">1666443604846</td><td rowspan="1">0</td></tr></tbody>
</table>
<h2>Test</h2><h3 id="m0">com.examarlyLogin.HomePageLoginWeb#setUp</h3><table class="result"><tr><th>Exception</th></tr><tr><td><div class="stacktrace">java.lang.NullPointerException: Cannot invoke &quot;String.equals(Object)&quot; because &quot;browserName&quot; is null
	at com.examarlyBaseClass.BaseclassLoginPageWeb.initilization(BaseclassLoginPageWeb.java:43)
	at com.examarlyLogin.HomePageLoginWeb.setUp(HomePageLoginWeb.java:21)
	at java.base/java.util.ArrayList.forEach(ArrayList.java:1511)
... Removed 27 stack frames</div></td></tr></table><p class="totop"><a href="#summary">back to summary</a></p>
<h3 id="m1">com.examarlyRewardsModule.RewardsWeb#setUp</h3><table class="result"><tr><th>Exception</th></tr><tr><td><div class="stacktrace">java.lang.NullPointerException: Cannot invoke &quot;String.equals(Object)&quot; because &quot;browserName&quot; is null
	at com.examarlyBaseClass.BaseclassLoginPageWeb.initilization(BaseclassLoginPageWeb.java:43)
	at com.examarlyRewardsModule.RewardsWeb.setUp(RewardsWeb.java:18)
	at java.base/java.util.ArrayList.forEach(ArrayList.java:1511)
... Removed 27 stack frames</div></td></tr></table><p class="totop"><a href="#summary">back to summary</a></p>
<h3 id="m2">com.examarly.HomePageWeb#Landingpage</h3><table class="result"><tr><th>Exception</th></tr><tr><td><div class="stacktrace">org.openqa.selenium.NoSuchWindowException: no such window: target window already closed
from unknown error: web view not found
  (Session info: chrome=106.0.5249.119)
Build info: version: &apos;4.3.0&apos;, revision: &apos;a4995e2c09*&apos;
System info: host: &apos;Kishores-MacBook-Air.local&apos;, ip: &apos;fe80:0:0:0:18ae:31ec:933f:f97f%en0&apos;, os.name: &apos;Mac OS X&apos;, os.arch: &apos;aarch64&apos;, os.version: &apos;12.6&apos;, java.version: &apos;18.0.2.1&apos;
Driver info: org.openqa.selenium.chrome.ChromeDriver
Command: [a8d92d9456c17fd7672a8bcee3edd110, findElement {using=xpath, value=(//img[@alt=&apos;examarly logo&apos;])[12]}]
Capabilities {acceptInsecureCerts: false, browserName: chrome, browserVersion: 106.0.5249.119, chrome: {chromedriverVersion: 106.0.5249.61 (511755355844..., userDataDir: /var/folders/w2/tnn1nt2x1x7...}, goog:chromeOptions: {debuggerAddress: localhost:51697}, networkConnectionEnabled: false, pageLoadStrategy: normal, platformName: MAC, proxy: Proxy(), se:cdp: ws://localhost:51697/devtoo..., se:cdpVersion: 106.0.5249.119, setWindowRect: true, strictFileInteractability: false, timeouts: {implicit: 0, pageLoad: 300000, script: 30000}, unhandledPromptBehavior: dismiss and notify, webauthn:extension:credBlob: true, webauthn:extension:largeBlob: true, webauthn:virtualAuthenticators: true}
Session ID: a8d92d9456c17fd7672a8bcee3edd110
	at org.openqa.selenium.remote.codec.w3c.W3CHttpResponseCodec.createException(W3CHttpResponseCodec.java:200)
	at org.openqa.selenium.remote.codec.w3c.W3CHttpResponseCodec.decode(W3CHttpResponseCodec.java:133)
	at org.openqa.selenium.remote.codec.w3c.W3CHttpResponseCodec.decode(W3CHttpResponseCodec.java:53)
	at org.openqa.selenium.remote.HttpCommandExecutor.execute(HttpCommandExecutor.java:184)
	at org.openqa.selenium.remote.service.DriverCommandExecutor.invokeExecute(DriverCommandExecutor.java:167)
	at org.openqa.selenium.remote.service.DriverCommandExecutor.execute(DriverCommandExecutor.java:142)
	at org.openqa.selenium.remote.RemoteWebDriver.execute(RemoteWebDriver.java:569)
	at org.openqa.selenium.remote.ElementLocation$ElementFinder$2.findElement(ElementLocation.java:162)
	at org.openqa.selenium.remote.ElementLocation.findElement(ElementLocation.java:60)
	at org.openqa.selenium.remote.RemoteWebDriver.findElement(RemoteWebDriver.java:387)
	at org.openqa.selenium.remote.RemoteWebDriver.findElement(RemoteWebDriver.java:379)
	at org.openqa.selenium.support.pagefactory.DefaultElementLocator.findElement(DefaultElementLocator.java:70)
	at org.openqa.selenium.support.pagefactory.internal.LocatingElementHandler.invoke(LocatingElementHandler.java:39)
	at jdk.proxy2/jdk.proxy2.$Proxy14.click(Unknown Source)
	at com.examarly.QA_Pages.LandingPageWeb.YourStory(LandingPageWeb.java:196)
	at com.examarly.HomePageWeb.Landingpage(HomePageWeb.java:63)
	at java.base/java.util.ArrayList.forEach(ArrayList.java:1511)
... Removed 32 stack frames</div></td></tr></table><p class="totop"><a href="#summary">back to summary</a></p>
<h3 id="m3">com.examarlyLogin.HomePageLoginWeb#setUp</h3><table class="result"><tr><th class="invisible"/></tr></table><p class="totop"><a href="#summary">back to summary</a></p>
<h3 id="m4">com.examarly.HomePageWeb#About</h3><table class="result"><tr><th>Exception</th></tr><tr><td><div class="stacktrace">java.lang.Throwable: Method com.examarly.HomePageWeb.About() on instance com.examarly.HomePageWeb@13b13b5d depends on not successfully finished methods 
[com.examarly.HomePageWeb.Landingpage() on instance com.examarly.HomePageWeb@13b13b5d]
	at java.base/java.util.ArrayList.forEach(ArrayList.java:1511)
... Removed 22 stack frames</div></td></tr></table><p class="totop"><a href="#summary">back to summary</a></p>
<h3 id="m5">com.examarly.HomePageWeb#BLOG</h3><table class="result"><tr><th>Exception</th></tr><tr><td><div class="stacktrace">java.lang.Throwable: Method com.examarly.HomePageWeb.BLOG() on instance com.examarly.HomePageWeb@13b13b5d depends on not successfully finished methods 
[com.examarly.HomePageWeb.FAQ() on instance com.examarly.HomePageWeb@13b13b5d]
	at java.base/java.util.ArrayList.forEach(ArrayList.java:1511)
... Removed 22 stack frames</div></td></tr></table><p class="totop"><a href="#summary">back to summary</a></p>
<h3 id="m6">com.examarly.HomePageWeb#Contact</h3><table class="result"><tr><th>Exception</th></tr><tr><td><div class="stacktrace">java.lang.Throwable: Method com.examarly.HomePageWeb.Contact() on instance com.examarly.HomePageWeb@13b13b5d depends on not successfully finished methods 
[com.examarly.HomePageWeb.About() on instance com.examarly.HomePageWeb@13b13b5d]
	at java.base/java.util.ArrayList.forEach(ArrayList.java:1511)
... Removed 22 stack frames</div></td></tr></table><p class="totop"><a href="#summary">back to summary</a></p>
<h3 id="m7">com.examarly.HomePageWeb#FAQ</h3><table class="result"><tr><th>Exception</th></tr><tr><td><div class="stacktrace">java.lang.Throwable: Method com.examarly.HomePageWeb.FAQ() on instance com.examarly.HomePageWeb@13b13b5d depends on not successfully finished methods 
[com.examarly.HomePageWeb.Contact() on instance com.examarly.HomePageWeb@13b13b5d]
	at java.base/java.util.ArrayList.forEach(ArrayList.java:1511)
... Removed 22 stack frames</div></td></tr></table><p class="totop"><a href="#summary">back to summary</a></p>
<h3 id="m8">com.examarlyLogin.HomePageLoginWeb#LoginPage</h3><table class="result"><tr><th>Exception</th></tr><tr><td><div class="stacktrace">java.lang.NullPointerException: Cannot invoke &quot;String.equals(Object)&quot; because &quot;browserName&quot; is null
	at com.examarlyBaseClass.BaseclassLoginPageWeb.initilization(BaseclassLoginPageWeb.java:43)
	at com.examarlyLogin.HomePageLoginWeb.setUp(HomePageLoginWeb.java:21)
	at java.base/java.util.ArrayList.forEach(ArrayList.java:1511)
... Removed 27 stack frames</div></td></tr></table><p class="totop"><a href="#summary">back to summary</a></p>
<h3 id="m9">com.examarlyRewardsModule.RewardsWeb#LoginPage</h3><table class="result"><tr><th>Exception</th></tr><tr><td><div class="stacktrace">java.lang.NullPointerException: Cannot invoke &quot;String.equals(Object)&quot; because &quot;browserName&quot; is null
	at com.examarlyBaseClass.BaseclassLoginPageWeb.initilization(BaseclassLoginPageWeb.java:43)
	at com.examarlyRewardsModule.RewardsWeb.setUp(RewardsWeb.java:18)
	at java.base/java.util.ArrayList.forEach(ArrayList.java:1511)
... Removed 27 stack frames</div></td></tr></table><p class="totop"><a href="#summary">back to summary</a></p>
</body>
</html>
